<?xml version="1.0" encoding="UTF-8"?>
<testsuite name="baseline.Solution41Test" tests="1" skipped="0" failures="0" errors="0" timestamp="2021-10-19T22:36:38" hostname="LAPTOP-RS8H0ANV" time="0.046">
  <properties/>
  <testcase name="main()" classname="baseline.Solution41Test" time="0.046"/>
  <system-out><![CDATA[]]></system-out>
  <system-err><![CDATA[]]></system-err>
</testsuite>
